<?xml version="1.0" encoding="UTF-8"?>
<testsuite name="ch.yvu.teststore.plugin.TestStorePluginTest" tests="4" skipped="0" failures="0" errors="0" timestamp="2016-04-04T16:39:46" hostname="Yvess-MacBook-Pro.local" time="1.046">
  <properties/>
  <testcase name="testStoreExtensionDefaultHostIsLocalhost" classname="ch.yvu.teststore.plugin.TestStorePluginTest" time="0.944"/>
  <testcase name="testStoreExtensionDefaultPortIs8080" classname="ch.yvu.teststore.plugin.TestStorePluginTest" time="0.012"/>
  <testcase name="addsTeststoreExtensionPointToProject" classname="ch.yvu.teststore.plugin.TestStorePluginTest" time="0.011"/>
  <testcase name="addsStoreResultsTaskToProject" classname="ch.yvu.teststore.plugin.TestStorePluginTest" time="0.077"/>
  <system-out><![CDATA[]]></system-out>
  <system-err><![CDATA[]]></system-err>
</testsuite>
